# JRE version: Java(TM) SE Runtime Environment (19.0.1+10) (build 19.0.1+10-21)
# Java VM: Java HotSpot(TM) 64-Bit Server VM (19.0.1+10-21, mixed mode, sharing, tiered, compressed oops, compressed class ptrs, g1 gc, windows-amd64)
GC Precious Log:
 CardTable entry size: 512
 Card Set container configuration: InlinePtr #cards 4 size 8 Array Of Cards #cards 16 size 48 Howl #buckets 8 coarsen threshold 3686 Howl Bitmap #cards 512 size 80 coarsen threshold 460 Card regions per heap region 1 cards per card region 4096
 CPUs: 4 total, 4 available
 Memory: 12171M
 Large Page Support: Disabled
 NUMA Support: Disabled
 Compressed Oops: Enabled (Zero based)
 Heap Region Size: 2M
 Heap Min Capacity: 8M
 Heap Initial Capacity: 192M
 Heap Max Capacity: 3044M
 Pre-touch: Disabled
 Parallel Workers: 4
 Concurrent Workers: 1
 Concurrent Refinement Workers: 4
 Periodic GC: Disabled
Heap:
 garbage-first heap   total 122880K, used 66473K [0x0000000741c00000, 0x0000000800000000)
  region size 2048K, 13 young (26624K), 1 survivors (2048K)
 Metaspace       used 94516K, committed 95424K, reserved 1179648K
  class space    used 11316K, committed 11776K, reserved 1048576K
GC Heap History (20 events):
Event: 122712.620 GC heap after
{Heap after GC invocations=425 (full 3):
 garbage-first heap   total 122880K, used 43241K [0x0000000741c00000, 0x0000000800000000)
  region size 2048K, 1 young (2048K), 1 survivors (2048K)
 Metaspace       used 94510K, committed 95424K, reserved 1179648K
  class space    used 11316K, committed 11776K, reserved 1048576K
}
Event: 123613.697 GC heap before
{Heap before GC invocations=425 (full 3):
 garbage-first heap   total 122880K, used 104681K [0x0000000741c00000, 0x0000000800000000)
  region size 2048K, 31 young (63488K), 1 survivors (2048K)
 Metaspace       used 94510K, committed 95424K, reserved 1179648K
  class space    used 11316K, committed 11776K, reserved 1048576K
}
Event: 123613.699 GC heap after
{Heap after GC invocations=426 (full 3):
 garbage-first heap   total 122880K, used 42868K [0x0000000741c00000, 0x0000000800000000)
  region size 2048K, 1 young (2048K), 1 survivors (2048K)
 Metaspace       used 94510K, committed 95424K, reserved 1179648K
  class space    used 11316K, committed 11776K, reserved 1048576K
}
Event: 124440.462 GC heap before
{Heap before GC invocations=426 (full 3):
 garbage-first heap   total 122880K, used 104308K [0x0000000741c00000, 0x0000000800000000)
  region size 2048K, 31 young (63488K), 1 survivors (2048K)
 Metaspace       used 94513K, committed 95424K, reserved 1179648K
  class space    used 11316K, committed 11776K, reserved 1048576K
}
Event: 124440.465 GC heap after
{Heap after GC invocations=427 (full 3):
 garbage-first heap   total 122880K, used 43205K [0x0000000741c00000, 0x0000000800000000)
  region size 2048K, 1 young (2048K), 1 survivors (2048K)
 Metaspace       used 94513K, committed 95424K, reserved 1179648K
  class space    used 11316K, committed 11776K, reserved 1048576K
}
Event: 125360.626 GC heap before
{Heap before GC invocations=427 (full 3):
 garbage-first heap   total 122880K, used 104645K [0x0000000741c00000, 0x0000000800000000)
  region size 2048K, 31 young (63488K), 1 survivors (2048K)
 Metaspace       used 94513K, committed 95424K, reserved 1179648K
  class space    used 11316K, committed 11776K, reserved 1048576K
}
Event: 125360.629 GC heap after
{Heap after GC invocations=428 (full 3):
 garbage-first heap   total 122880K, used 42778K [0x0000000741c00000, 0x0000000800000000)
  region size 2048K, 1 young (2048K), 1 survivors (2048K)
 Metaspace       used 94513K, committed 95424K, reserved 1179648K
  class space    used 11316K, committed 11776K, reserved 1048576K
}
Event: 126206.529 GC heap before
{Heap before GC invocations=428 (full 3):
 garbage-first heap   total 122880K, used 104218K [0x0000000741c00000, 0x0000000800000000)
  region size 2048K, 31 young (63488K), 1 survivors (2048K)
 Metaspace       used 94513K, committed 95424K, reserved 1179648K
  class space    used 11316K, committed 11776K, reserved 1048576K
}
Event: 126206.531 GC heap after
{Heap after GC invocations=429 (full 3):
 garbage-first heap   total 122880K, used 43089K [0x0000000741c00000, 0x0000000800000000)
  region size 2048K, 1 young (2048K), 1 survivors (2048K)
 Metaspace       used 94513K, committed 95424K, reserved 1179648K
  class space    used 11316K, committed 11776K, reserved 1048576K
}
Event: 127105.112 GC heap before
{Heap before GC invocations=429 (full 3):
 garbage-first heap   total 122880K, used 104529K [0x0000000741c00000, 0x0000000800000000)
  region size 2048K, 31 young (63488K), 1 survivors (2048K)
 Metaspace       used 94513K, committed 95424K, reserved 1179648K
  class space    used 11316K, committed 11776K, reserved 1048576K
}
Event: 127105.115 GC heap after
{Heap after GC invocations=430 (full 3):
 garbage-first heap   total 122880K, used 42760K [0x0000000741c00000, 0x0000000800000000)
  region size 2048K, 1 young (2048K), 1 survivors (2048K)
 Metaspace       used 94513K, committed 95424K, reserved 1179648K
  class space    used 11316K, committed 11776K, reserved 1048576K
}
Event: 127945.127 GC heap before
{Heap before GC invocations=430 (full 3):
 garbage-first heap   total 122880K, used 104200K [0x0000000741c00000, 0x0000000800000000)
  region size 2048K, 31 young (63488K), 1 survivors (2048K)
 Metaspace       used 94513K, committed 95424K, reserved 1179648K
  class space    used 11316K, committed 11776K, reserved 1048576K
}
Event: 127945.129 GC heap after
{Heap after GC invocations=431 (full 3):
 garbage-first heap   total 122880K, used 43115K [0x0000000741c00000, 0x0000000800000000)
  region size 2048K, 1 young (2048K), 1 survivors (2048K)
 Metaspace       used 94513K, committed 95424K, reserved 1179648K
  class space    used 11316K, committed 11776K, reserved 1048576K
}
Event: 128846.560 GC heap before
{Heap before GC invocations=431 (full 3):
 garbage-first heap   total 122880K, used 104555K [0x0000000741c00000, 0x0000000800000000)
  region size 2048K, 31 young (63488K), 1 survivors (2048K)
 Metaspace       used 94513K, committed 95424K, reserved 1179648K
  class space    used 11316K, committed 11776K, reserved 1048576K
}
Event: 128846.562 GC heap after
{Heap after GC invocations=432 (full 3):
 garbage-first heap   total 122880K, used 42782K [0x0000000741c00000, 0x0000000800000000)
  region size 2048K, 1 young (2048K), 1 survivors (2048K)
 Metaspace       used 94513K, committed 95424K, reserved 1179648K
  class space    used 11316K, committed 11776K, reserved 1048576K
}
Event: 129677.907 GC heap before
{Heap before GC invocations=432 (full 3):
 garbage-first heap   total 122880K, used 104222K [0x0000000741c00000, 0x0000000800000000)
  region size 2048K, 31 young (63488K), 1 survivors (2048K)
 Metaspace       used 94513K, committed 95424K, reserved 1179648K
  class space    used 11316K, committed 11776K, reserved 1048576K
}
Event: 129677.909 GC heap after
{Heap after GC invocations=433 (full 3):
 garbage-first heap   total 122880K, used 43090K [0x0000000741c00000, 0x0000000800000000)
  region size 2048K, 1 young (2048K), 1 survivors (2048K)
 Metaspace       used 94513K, committed 95424K, reserved 1179648K
  class space    used 11316K, committed 11776K, reserved 1048576K
}
Event: 130582.289 GC heap before
{Heap before GC invocations=433 (full 3):
 garbage-first heap   total 122880K, used 104530K [0x0000000741c00000, 0x0000000800000000)
  region size 2048K, 31 young (63488K), 1 survivors (2048K)
 Metaspace       used 94513K, committed 95424K, reserved 1179648K
  class space    used 11316K, committed 11776K, reserved 1048576K
}
Event: 130582.291 GC heap after
{Heap after GC invocations=434 (full 3):
 garbage-first heap   total 122880K, used 42769K [0x0000000741c00000, 0x0000000800000000)
  region size 2048K, 1 young (2048K), 1 survivors (2048K)
 Metaspace       used 94513K, committed 95424K, reserved 1179648K
  class space    used 11316K, committed 11776K, reserved 1048576K
}
Event: 130908.238 GC heap before
{Heap before GC invocations=434 (full 3):
 garbage-first heap   total 122880K, used 65297K [0x0000000741c00000, 0x0000000800000000)
  region size 2048K, 13 young (26624K), 1 survivors (2048K)
 Metaspace       used 94516K, committed 95424K, reserved 1179648K
  class space    used 11316K, committed 11776K, reserved 1048576K
}

