# JRE version: OpenJDK Runtime Environment Temurin-17.0.8.1+1 (17.0.8.1+1) (build 17.0.8.1+1)
# Java VM: OpenJDK 64-Bit Server VM Temurin-17.0.8.1+1 (17.0.8.1+1, mixed mode, emulated-client, tiered, compressed oops, compressed class ptrs, g1 gc, windows-amd64)
GC Precious Log:
 CPUs: 4 total, 4 available
 Memory: 12171M
 Large Page Support: Disabled
 NUMA Support: Disabled
 Compressed Oops: Enabled (32-bit)
 Heap Region Size: 1M
 Heap Min Capacity: 8M
 Heap Initial Capacity: 192M
 Heap Max Capacity: 1G
 Pre-touch: Disabled
 Parallel Workers: 4
 Concurrent Workers: 1
 Concurrent Refinement Workers: 4
 Periodic GC: Disabled
Heap:
 garbage-first heap   total 55296K, used 17279K [0x00000000c0000000, 0x0000000100000000)
  region size 1024K, 1 young (1024K), 0 survivors (0K)
 Metaspace       used 37216K, committed 37632K, reserved 1114112K
  class space    used 4850K, committed 5056K, reserved 1048576K
GC Heap History (20 events):
Event: 167.315 GC heap before
{Heap before GC invocations=15 (full 4):
 garbage-first heap   total 55296K, used 17279K [0x00000000c0000000, 0x0000000100000000)
  region size 1024K, 1 young (1024K), 0 survivors (0K)
 Metaspace       used 37216K, committed 37632K, reserved 1114112K
  class space    used 4850K, committed 5056K, reserved 1048576K
}
Event: 167.350 GC heap after
{Heap after GC invocations=16 (full 5):
 garbage-first heap   total 55296K, used 17279K [0x00000000c0000000, 0x0000000100000000)
  region size 1024K, 0 young (0K), 0 survivors (0K)
 Metaspace       used 37216K, committed 37632K, reserved 1114112K
  class space    used 4850K, committed 5056K, reserved 1048576K
}
Event: 178.212 GC heap before
{Heap before GC invocations=16 (full 5):
 garbage-first heap   total 55296K, used 17279K [0x00000000c0000000, 0x0000000100000000)
  region size 1024K, 1 young (1024K), 0 survivors (0K)
 Metaspace       used 37216K, committed 37632K, reserved 1114112K
  class space    used 4850K, committed 5056K, reserved 1048576K
}
Event: 178.252 GC heap after
{Heap after GC invocations=17 (full 6):
 garbage-first heap   total 55296K, used 17279K [0x00000000c0000000, 0x0000000100000000)
  region size 1024K, 0 young (0K), 0 survivors (0K)
 Metaspace       used 37216K, committed 37632K, reserved 1114112K
  class space    used 4850K, committed 5056K, reserved 1048576K
}
Event: 189.588 GC heap before
{Heap before GC invocations=17 (full 6):
 garbage-first heap   total 55296K, used 17279K [0x00000000c0000000, 0x0000000100000000)
  region size 1024K, 1 young (1024K), 0 survivors (0K)
 Metaspace       used 37216K, committed 37632K, reserved 1114112K
  class space    used 4850K, committed 5056K, reserved 1048576K
}
Event: 189.624 GC heap after
{Heap after GC invocations=18 (full 7):
 garbage-first heap   total 55296K, used 17279K [0x00000000c0000000, 0x0000000100000000)
  region size 1024K, 0 young (0K), 0 survivors (0K)
 Metaspace       used 37216K, committed 37632K, reserved 1114112K
  class space    used 4850K, committed 5056K, reserved 1048576K
}
Event: 200.035 GC heap before
{Heap before GC invocations=18 (full 7):
 garbage-first heap   total 55296K, used 17279K [0x00000000c0000000, 0x0000000100000000)
  region size 1024K, 1 young (1024K), 0 survivors (0K)
 Metaspace       used 37216K, committed 37632K, reserved 1114112K
  class space    used 4850K, committed 5056K, reserved 1048576K
}
Event: 200.071 GC heap after
{Heap after GC invocations=19 (full 8):
 garbage-first heap   total 55296K, used 17279K [0x00000000c0000000, 0x0000000100000000)
  region size 1024K, 0 young (0K), 0 survivors (0K)
 Metaspace       used 37216K, committed 37632K, reserved 1114112K
  class space    used 4850K, committed 5056K, reserved 1048576K
}
Event: 212.166 GC heap before
{Heap before GC invocations=19 (full 8):
 garbage-first heap   total 55296K, used 17279K [0x00000000c0000000, 0x0000000100000000)
  region size 1024K, 1 young (1024K), 0 survivors (0K)
 Metaspace       used 37216K, committed 37632K, reserved 1114112K
  class space    used 4850K, committed 5056K, reserved 1048576K
}
Event: 212.205 GC heap after
{Heap after GC invocations=20 (full 9):
 garbage-first heap   total 55296K, used 17279K [0x00000000c0000000, 0x0000000100000000)
  region size 1024K, 0 young (0K), 0 survivors (0K)
 Metaspace       used 37216K, committed 37632K, reserved 1114112K
  class space    used 4850K, committed 5056K, reserved 1048576K
}
Event: 223.256 GC heap before
{Heap before GC invocations=20 (full 9):
 garbage-first heap   total 55296K, used 17279K [0x00000000c0000000, 0x0000000100000000)
  region size 1024K, 1 young (1024K), 0 survivors (0K)
 Metaspace       used 37216K, committed 37632K, reserved 1114112K
  class space    used 4850K, committed 5056K, reserved 1048576K
}
Event: 223.293 GC heap after
{Heap after GC invocations=21 (full 10):
 garbage-first heap   total 55296K, used 17279K [0x00000000c0000000, 0x0000000100000000)
  region size 1024K, 0 young (0K), 0 survivors (0K)
 Metaspace       used 37216K, committed 37632K, reserved 1114112K
  class space    used 4850K, committed 5056K, reserved 1048576K
}
Event: 233.959 GC heap before
{Heap before GC invocations=21 (full 10):
 garbage-first heap   total 55296K, used 17279K [0x00000000c0000000, 0x0000000100000000)
  region size 1024K, 1 young (1024K), 0 survivors (0K)
 Metaspace       used 37216K, committed 37632K, reserved 1114112K
  class space    used 4850K, committed 5056K, reserved 1048576K
}
Event: 233.997 GC heap after
{Heap after GC invocations=22 (full 11):
 garbage-first heap   total 55296K, used 17279K [0x00000000c0000000, 0x0000000100000000)
  region size 1024K, 0 young (0K), 0 survivors (0K)
 Metaspace       used 37216K, committed 37632K, reserved 1114112K
  class space    used 4850K, committed 5056K, reserved 1048576K
}
Event: 245.486 GC heap before
{Heap before GC invocations=22 (full 11):
 garbage-first heap   total 55296K, used 17279K [0x00000000c0000000, 0x0000000100000000)
  region size 1024K, 1 young (1024K), 0 survivors (0K)
 Metaspace       used 37216K, committed 37632K, reserved 1114112K
  class space    used 4850K, committed 5056K, reserved 1048576K
}
Event: 245.527 GC heap after
{Heap after GC invocations=23 (full 12):
 garbage-first heap   total 55296K, used 17279K [0x00000000c0000000, 0x0000000100000000)
  region size 1024K, 0 young (0K), 0 survivors (0K)
 Metaspace       used 37216K, committed 37632K, reserved 1114112K
  class space    used 4850K, committed 5056K, reserved 1048576K
}
Event: 256.225 GC heap before
{Heap before GC invocations=23 (full 12):
 garbage-first heap   total 55296K, used 17279K [0x00000000c0000000, 0x0000000100000000)
  region size 1024K, 1 young (1024K), 0 survivors (0K)
 Metaspace       used 37216K, committed 37632K, reserved 1114112K
  class space    used 4850K, committed 5056K, reserved 1048576K
}
Event: 256.260 GC heap after
{Heap after GC invocations=24 (full 13):
 garbage-first heap   total 55296K, used 17279K [0x00000000c0000000, 0x0000000100000000)
  region size 1024K, 0 young (0K), 0 survivors (0K)
 Metaspace       used 37216K, committed 37632K, reserved 1114112K
  class space    used 4850K, committed 5056K, reserved 1048576K
}
Event: 266.970 GC heap before
{Heap before GC invocations=24 (full 13):
 garbage-first heap   total 55296K, used 17279K [0x00000000c0000000, 0x0000000100000000)
  region size 1024K, 1 young (1024K), 0 survivors (0K)
 Metaspace       used 37216K, committed 37632K, reserved 1114112K
  class space    used 4850K, committed 5056K, reserved 1048576K
}
Event: 267.010 GC heap after
{Heap after GC invocations=25 (full 14):
 garbage-first heap   total 55296K, used 17279K [0x00000000c0000000, 0x0000000100000000)
  region size 1024K, 0 young (0K), 0 survivors (0K)
 Metaspace       used 37216K, committed 37632K, reserved 1114112K
  class space    used 4850K, committed 5056K, reserved 1048576K
}

